## HMC Algorithm for U(1) gauge theory
## (C) Carsten Urbach <urbach@hiskp.uni-bonn.de> (2017, 2021)
## GIT branch staggered_yaml on commit 075bfc5
## Parsing input file: hmc_rot.input
## geometry:X=2
## geometry:Y=2
## geometry:Z=2
## geometry:T=2
## geometry:ndims=4
## geometry:rotating_frame:Omega=0
## monomials:gauge:beta=1.9
## hmc:n_save=10
## hmc:n_meas=1000
check 0
## hmc:restart=0 (default)
check 0
## hmc:heat=1
check 0
## hmc:seed=93746
## hmc:configname=
## hmc:conf_dir=./confs/
## hmc:conf_basename=u1_conf (default)
## hmc:lenghty_conf_name=1
## hmc:beta_str_width=6 (default)
## integrator:N_rev=0
## integrator:n_steps=50
## integrator:tau=1
## integrator:exponent=0
## integrator:name=leapfrog
## omeas:verbosity=1
## omeas:icounter=20
## omeas:nstep=30
## omeas:Wloop=1
hotstart 93746 1
## Initital Plaquette: -0.0455674
## Plaquette after rnd trafo: -0.0455674
## MD integrator: leapfrog
## Normalization factor: A = 2/(d*(d-1)*N_lat*N_c) = 1.041666666666667e-02
## Acceptance rate parcentage: rho = rate/(i+1)
i getaccept E*A dH rho ddH Q
0 1 2.543394391466117e-01 -2.361825486772773e-02 1.000000000000000e+00 NA -1.029436658671367e-02
1 1 4.649591163019109e-01 -1.561165834756650e-02 1.000000000000000e+00 NA 1.252367880687795e-03
2 1 6.237937465130604e-01 -3.985268120409557e-02 1.000000000000000e+00 NA -2.334767357475458e-03
3 1 6.251908695807820e-01 1.423828555893181e-03 1.000000000000000e+00 NA -4.773385125697686e-03
4 1 6.419384040369551e-01 8.869190514673164e-04 1.000000000000000e+00 NA -7.242365378536397e-04
5 1 6.816845911201181e-01 -5.690876280681323e-03 1.000000000000000e+00 NA 2.936233676480743e-03
6 1 7.431667689871038e-01 -5.464483008900345e-03 1.000000000000000e+00 NA 9.179882707793207e-04
7 1 7.600174494652356e-01 -1.023347226871252e-02 1.000000000000000e+00 NA 1.881524452302599e-04
8 1 6.932564945824673e-01 1.346265745808495e-02 1.000000000000000e+00 NA -2.933357167424021e-03
9 1 7.568654021157901e-01 -1.150152000334259e-02 1.000000000000000e+00 NA -2.006525118634881e-03
10 1 7.378475510344280e-01 8.655316604080809e-03 1.000000000000000e+00 NA -3.531715471554270e-04
11 1 7.866705106349273e-01 -1.568075569013772e-02 1.000000000000000e+00 NA 5.356003814054812e-05
12 1 7.599797333637841e-01 8.640098053128042e-03 1.000000000000000e+00 NA 5.772528934264516e-04
13 1 8.563660385870602e-01 -2.448539456748122e-02 1.000000000000000e+00 NA -1.431468289322194e-04
14 1 8.692241381147126e-01 4.219627447987762e-04 1.000000000000000e+00 NA 1.813826539045861e-06
15 1 8.423631253031659e-01 4.774644629453206e-03 1.000000000000000e+00 NA 9.901835227184450e-05
16 1 8.459381476016981e-01 4.605802577160034e-04 1.000000000000000e+00 NA 5.270062704619469e-05
17 1 8.200905154002462e-01 7.277070413184816e-03 1.000000000000000e+00 NA -9.430835506585326e-05
18 1 8.420075003962806e-01 -5.398622879877024e-03 1.000000000000000e+00 NA 5.163489385302898e-05
19 1 8.627894307631554e-01 -1.102566771088576e-02 1.000000000000000e+00 NA -1.019217610746018e-04
20 1 8.516727892598910e-01 7.309110008147712e-03 1.000000000000000e+00 NA -1.790312967218617e-04
21 1 8.203290469562138e-01 8.248530314233449e-03 1.000000000000000e+00 NA -8.598881560791191e-04
22 1 8.075036387476464e-01 -1.277400777375703e-03 1.000000000000000e+00 NA -1.006762867238665e-03
23 1 8.278437266786695e-01 -1.238438606293357e-03 1.000000000000000e+00 NA 1.677044749015930e-04
24 1 8.381035444941780e-01 5.572253146191031e-04 1.000000000000000e+00 NA -5.027356868232242e-05
25 1 8.583270377654912e-01 -3.852871232023602e-03 1.000000000000000e+00 NA 3.227593032881382e-05
26 1 8.459160341322471e-01 -3.061408892193640e-03 1.000000000000000e+00 NA -4.976795973303791e-05
27 1 8.417412252202828e-01 5.759840174370368e-03 1.000000000000000e+00 NA 1.603053726925685e-05
28 1 8.595426504226046e-01 -6.403019130495125e-03 1.000000000000000e+00 NA 7.932345072420617e-06
29 1 8.278550320100125e-01 9.830586082639314e-03 1.000000000000000e+00 NA 3.232816127786569e-05
30 1 8.251745721642705e-01 -7.678843906226973e-04 1.000000000000000e+00 NA 1.831398578538487e-04
## online measuring: Wilson loop
31 1 8.316859549325267e-01 -4.852878322385124e-03 1.000000000000000e+00 NA -1.740987359644054e-04
32 1 8.495317971598602e-01 -2.339015668219702e-03 1.000000000000000e+00 NA 9.110248435721960e-05
33 1 8.466889970378016e-01 2.960185788744241e-03 1.000000000000000e+00 NA -4.221235798452844e-05
34 1 8.531956645477666e-01 -2.628722887308754e-03 1.000000000000000e+00 NA -3.100787453561985e-04
35 1 8.607900497607883e-01 -4.135277376136060e-03 1.000000000000000e+00 NA -3.541659627217104e-05
36 1 8.600341044215050e-01 -4.539165237289922e-03 1.000000000000000e+00 NA -4.763517180425711e-05
37 1 8.523302725044913e-01 1.690140897814274e-03 1.000000000000000e+00 NA 7.081885718380942e-05
38 1 8.532919611900933e-01 2.208425639064870e-03 1.000000000000000e+00 NA -8.868747494914517e-05
39 1 8.593374011021453e-01 -3.006150739004454e-03 1.000000000000000e+00 NA -2.738914071140197e-04
40 1 8.654745176771026e-01 3.010491038327956e-03 1.000000000000000e+00 NA -4.977018695130665e-05
41 1 8.766847505505574e-01 -1.475782987395036e-03 1.000000000000000e+00 NA 8.740175401686423e-05
42 1 8.843576167286387e-01 -3.815647231533603e-03 1.000000000000000e+00 NA 4.302072971540715e-05
43 1 8.881093555225708e-01 3.493799896567396e-03 1.000000000000000e+00 NA 5.246479468493466e-05
44 1 8.833707433673397e-01 9.812275286975591e-04 1.000000000000000e+00 NA -1.692826338325482e-05
45 1 8.510386653765636e-01 1.008627209782276e-02 1.000000000000000e+00 NA 1.435101352682509e-04
46 1 8.532116068183179e-01 -1.145505450566020e-03 1.000000000000000e+00 NA -5.871122012751136e-05
47 1 8.636802254436369e-01 -1.106858575564473e-03 1.000000000000000e+00 NA 6.151166795814244e-05
48 1 8.922691582429563e-01 -8.351083499853473e-03 1.000000000000000e+00 NA -8.049637981227505e-05
49 1 8.515634873266192e-01 1.756390574195166e-02 1.000000000000000e+00 NA -1.150418267748823e-04
50 1 8.943112248202354e-01 -1.596793002858377e-02 1.000000000000000e+00 NA 6.986048608673040e-06
51 1 8.791740127274430e-01 7.717875640704364e-03 1.000000000000000e+00 NA -3.997684575570126e-06
52 1 8.709953573726660e-01 -3.837719535226825e-05 1.000000000000000e+00 NA -4.986438781729132e-05
53 1 9.218279789802605e-01 -1.895629649062336e-02 1.000000000000000e+00 NA 3.166002576522230e-06
54 1 9.135157129274052e-01 4.789131831772764e-03 1.000000000000000e+00 NA 4.436448373744250e-05
55 1 8.907155238271589e-01 3.531560695343217e-03 1.000000000000000e+00 NA 1.572536747058928e-05
56 1 8.550763569798807e-01 1.444727062435902e-02 1.000000000000000e+00 NA 6.116931113092385e-06
57 1 8.936009583754739e-01 -1.427383208750399e-02 1.000000000000000e+00 NA 1.577474958899006e-05
58 1 8.574776359532065e-01 1.104650325055445e-02 1.000000000000000e+00 NA -1.589603659453493e-04
59 1 8.846608566166518e-01 -7.405383759735429e-03 1.000000000000000e+00 NA -9.052850950384469e-06
60 1 9.004909426578365e-01 -3.712288080897963e-03 1.000000000000000e+00 NA 3.511963244466746e-05
## online measuring: Wilson loop
61 1 9.005893263026380e-01 -1.959619946468649e-03 1.000000000000000e+00 NA -3.701473298729179e-05
62 1 8.996558487335889e-01 3.979380620652506e-03 1.000000000000000e+00 NA 9.874037059946335e-06
63 1 8.726128885576907e-01 7.059529052355629e-03 1.000000000000000e+00 NA -1.901573846334274e-05
64 1 9.076736300892583e-01 -1.514406959525871e-02 1.000000000000000e+00 NA 5.253679646273211e-05
65 1 8.557075784536267e-01 1.117603326526861e-02 1.000000000000000e+00 NA 2.334584597350263e-04
66 1 8.870208145147990e-01 -2.337223754867779e-03 1.000000000000000e+00 NA -3.356114877242621e-05
67 1 8.916268630998442e-01 9.572423745929370e-04 1.000000000000000e+00 NA 1.385620243844521e-05
68 1 9.117304187165172e-01 -4.731548835625432e-03 1.000000000000000e+00 NA -3.234534751021415e-06
69 1 9.192927432563363e-01 -4.200183905430421e-03 1.000000000000000e+00 NA 3.485797624763928e-06
70 1 9.062557712588198e-01 3.442112268162489e-03 1.000000000000000e+00 NA -4.269200237800846e-05
71 1 9.086356889452173e-01 -3.168191351392124e-03 1.000000000000000e+00 NA 7.478402242007515e-06
72 1 8.890566914940596e-01 9.234815789618267e-03 1.000000000000000e+00 NA -3.596979933822894e-05
73 1 9.124696359417742e-01 -5.633620773062731e-03 1.000000000000000e+00 NA -5.703850354168980e-07
74 1 8.924210038935279e-01 1.018418620731687e-02 1.000000000000000e+00 NA 5.471240725969010e-05
75 1 8.671379576143083e-01 -1.953487024735523e-03 1.000000000000000e+00 NA -5.343359276464390e-05
76 1 8.782635738087171e-01 6.972381994074794e-05 1.000000000000000e+00 NA -4.110976756494885e-05
77 1 8.964019077977957e-01 -7.910299160869272e-03 1.000000000000000e+00 NA 5.577455302960496e-05
78 1 9.015839959719099e-01 2.499506898029580e-03 1.000000000000000e+00 NA -1.057326186861564e-04
79 1 8.684390945533620e-01 1.390321520791815e-02 1.000000000000000e+00 NA 7.891529652135575e-05
80 1 8.884061461270867e-01 -8.356711892556490e-03 1.000000000000000e+00 NA -2.845685862059516e-06
81 1 9.228581877699165e-01 -1.434083628383043e-02 1.000000000000000e+00 NA -7.988029641049894e-06
82 1 9.015551572099247e-01 7.655584394834491e-03 1.000000000000000e+00 NA -3.259780149365661e-05
83 1 8.996260278856871e-01 2.016833759348913e-03 1.000000000000000e+00 NA 3.001165174596549e-06
84 1 9.020355886114434e-01 -1.144197603693442e-03 1.000000000000000e+00 NA 3.369439705737690e-05
85 1 9.005783716541513e-01 2.620815889788020e-03 1.000000000000000e+00 NA 6.243345177949897e-05
86 1 9.049314429143177e-01 -2.516240616852627e-03 1.000000000000000e+00 NA 5.429185425119527e-05
87 1 8.548939325221085e-01 1.420692738111384e-02 1.000000000000000e+00 NA 3.754665367193721e-05
88 1 8.736173111993321e-01 -6.204331134334495e-03 1.000000000000000e+00 NA 6.184415488135379e-05
89 1 8.813018731519855e-01 -3.491391814733902e-03 1.000000000000000e+00 NA 1.347541356491599e-04
90 1 8.528511811315662e-01 3.105824786324263e-03 1.000000000000000e+00 NA 8.358106174539794e-05
## online measuring: Wilson loop
91 1 8.267347121142784e-01 1.188579820455615e-02 1.000000000000000e+00 NA -1.639923547576713e-04
92 1 8.417158585661731e-01 -1.466680212768523e-03 1.000000000000000e+00 NA -1.938015184682437e-05
93 1 8.851761831854994e-01 -1.949480112853053e-02 1.000000000000000e+00 NA 8.044692806641633e-06
94 1 8.385086541327544e-01 9.880676222014273e-03 1.000000000000000e+00 NA -2.221428407870739e-04
95 1 8.649774421529376e-01 -2.447211098182578e-03 1.000000000000000e+00 NA -3.158423287012631e-05
96 1 8.995335061808092e-01 -1.530351451257062e-02 1.000000000000000e+00 NA -8.194044848380682e-05
97 1 8.747055492528732e-01 1.094505715001048e-02 1.000000000000000e+00 NA 1.457084121683753e-06
98 1 8.824161846437131e-01 -4.957353793457742e-03 1.000000000000000e+00 NA 2.428321687727282e-05
99 1 8.683693353841663e-01 8.260611115272098e-03 1.000000000000000e+00 NA -9.255999099113559e-05
100 1 8.684489863525713e-01 -5.602862427949162e-04 1.000000000000000e+00 NA -1.467122993251767e-05
101 1 8.754124480774628e-01 -2.718477819545484e-03 1.000000000000000e+00 NA 1.445672412117044e-05
102 1 8.626906003326547e-01 -3.609086249731774e-04 1.000000000000000e+00 NA 3.609769260017565e-05
103 1 8.654879036466085e-01 1.780888365694011e-03 1.000000000000000e+00 NA 6.598181405811503e-06
104 1 8.840014715947753e-01 -3.302781252802589e-03 1.000000000000000e+00 NA -1.371221598600676e-05
105 1 8.890536509455310e-01 1.864786567061572e-03 1.000000000000000e+00 NA 1.445112695958908e-06
106 1 9.056875524171337e-01 -6.925070941825595e-03 1.000000000000000e+00 NA -7.083735051053128e-06
107 1 8.679775302593111e-01 1.082802905610336e-02 1.000000000000000e+00 NA 9.008715944977678e-06
108 1 8.646424705517952e-01 -1.804425893936923e-03 1.000000000000000e+00 NA -1.256551525418446e-04
109 1 8.469093839483405e-01 1.288271081108405e-03 1.000000000000000e+00 NA 6.152557987153857e-05
110 1 8.281407688650094e-01 3.113042230634022e-03 1.000000000000000e+00 NA 2.651266070707569e-05
111 1 8.397945524956894e-01 -2.571085873878332e-03 1.000000000000000e+00 NA -7.684510992871011e-05
112 1 7.875576305487411e-01 1.268011294216009e-02 1.000000000000000e+00 NA -4.120983292300451e-04
113 1 7.984532786213008e-01 -3.054754115627389e-03 1.000000000000000e+00 NA 1.898570830469370e-04
114 1 8.213941659414044e-01 -6.026008051037479e-03 1.000000000000000e+00 NA 8.688079880452021e-06
115 1 8.279624182372161e-01 4.542375948414445e-03 1.000000000000000e+00 NA 2.343443004728471e-04
116 1 8.575196871455393e-01 -6.435219459380193e-03 1.000000000000000e+00 NA -2.972875062404494e-05
117 1 8.439176422642414e-01 2.068769445838115e-03 1.000000000000000e+00 NA -1.331214352610276e-04
118 1 8.731644610178231e-01 -5.841059935946191e-03 1.000000000000000e+00 NA -9.063893487221485e-05
119 1 8.409763149470112e-01 1.513213776611622e-04 1.000000000000000e+00 NA -5.198557522379698e-04
120 1 8.361132555880856e-01 5.685254543998042e-03 1.000000000000000e+00 NA 5.544349102978538e-07
## online measuring: Wilson loop
121 1 8.599366227473235e-01 -4.058406964013272e-03 1.000000000000000e+00 NA -2.418884621838753e-05
122 1 8.948934160200597e-01 -1.078251540329234e-02 1.000000000000000e+00 NA -4.166738818276502e-05
123 1 8.941217424931290e-01 4.388371504195021e-03 1.000000000000000e+00 NA -9.354026126034141e-05
124 1 9.104836750785960e-01 -1.902972014985238e-03 1.000000000000000e+00 NA 7.208951381263434e-06
125 1 9.094761549652122e-01 -1.317728270425533e-03 1.000000000000000e+00 NA -2.744977464367017e-05
126 1 8.914018053741595e-01 7.066114449969518e-04 1.000000000000000e+00 NA 5.102731236445576e-05
127 1 8.886568515076603e-01 6.225220900546447e-06 1.000000000000000e+00 NA 3.466391764008996e-05
128 1 8.764759154424833e-01 5.446846783303982e-03 1.000000000000000e+00 NA 8.721232492835667e-05
129 1 8.996524845467881e-01 -6.687713985449761e-03 1.000000000000000e+00 NA 8.004435139203278e-06
130 1 9.076842943628073e-01 3.057163145854247e-04 1.000000000000000e+00 NA -1.280079559591999e-05
131 1 9.067623463144312e-01 3.111926383152053e-03 1.000000000000000e+00 NA -3.434278065039754e-05
132 1 8.853298300921959e-01 4.446275083978435e-03 1.000000000000000e+00 NA -1.893424127655441e-06
133 1 8.545742488601317e-01 5.389836396204828e-03 1.000000000000000e+00 NA -3.757056495025169e-04
134 1 8.742866087320980e-01 -5.328658047123014e-03 1.000000000000000e+00 NA 2.083321415073450e-05
135 1 8.484271097226446e-01 1.215542528603208e-02 1.000000000000000e+00 NA 1.365447396601489e-04
136 1 8.377206471964966e-01 -3.701490680683150e-04 1.000000000000000e+00 NA -2.080257180341616e-05
137 1 8.439918101477724e-01 -5.202586604426074e-03 1.000000000000000e+00 NA -3.164189745209132e-04
138 1 8.614639188366109e-01 -6.391669132547406e-03 1.000000000000000e+00 NA -3.873615132555591e-04
139 1 8.398255385760663e-01 7.923327621401910e-03 1.000000000000000e+00 NA 2.309705045796856e-05
140 1 8.164676137671766e-01 8.650220587803403e-03 1.000000000000000e+00 NA 3.683477371854010e-04
141 1 8.774438021151056e-01 -1.791232016081423e-02 1.000000000000000e+00 NA 3.990356082010094e-05
142 1 8.622945768150843e-01 4.930806893415962e-03 1.000000000000000e+00 NA 1.451832757223444e-04
143 1 8.699748515016440e-01 -4.498776506999036e-03 1.000000000000000e+00 NA 1.705210047802202e-05
144 1 8.859417200578422e-01 -2.341461463196026e-03 1.000000000000000e+00 NA -3.566420477177572e-05
145 1 8.629055731771210e-01 6.659163669617385e-03 1.000000000000000e+00 NA -1.386557605468730e-05
146 1 8.648098525362040e-01 -4.436516409814573e-03 1.000000000000000e+00 NA 9.054798393699601e-06
147 1 8.754544384482179e-01 -4.702871225305216e-03 1.000000000000000e+00 NA 3.982447493949676e-05
148 1 8.779055804653462e-01 4.000447749348268e-03 1.000000000000000e+00 NA 5.276374468334996e-06
149 1 8.826137613560815e-01 -1.351457951557222e-04 1.000000000000000e+00 NA -1.557925162644715e-05
150 1 8.433829287990756e-01 1.043766853301875e-02 1.000000000000000e+00 NA -2.473205603127920e-05
## online measuring: Wilson loop
151 1 8.922480830342053e-01 -1.929108439541238e-02 1.000000000000000e+00 NA -7.237937556006291e-05
152 1 8.960305890164310e-01 7.321597921823297e-04 1.000000000000000e+00 NA 7.383755096282632e-06
153 1 9.010951883662863e-01 2.041350879292025e-03 1.000000000000000e+00 NA 1.176913219807445e-05
154 1 8.858028126051780e-01 8.518494106496632e-03 1.000000000000000e+00 NA 1.289656242384745e-05
155 1 8.804453447801353e-01 -5.701697365406488e-03 1.000000000000000e+00 NA -1.215610877484240e-05
156 1 8.576208772382860e-01 3.862176192264144e-03 1.000000000000000e+00 NA -1.326005382762954e-04
157 1 8.618490604200932e-01 1.205702986283086e-03 1.000000000000000e+00 NA 2.954363837505985e-05
158 1 8.875470934641139e-01 -1.064690799253754e-02 1.000000000000000e+00 NA 7.685650218735042e-05
159 1 8.846935714596038e-01 1.403952502712968e-03 1.000000000000000e+00 NA -2.912740426228530e-05
160 1 8.450468729721288e-01 7.473351639973203e-03 1.000000000000000e+00 NA -4.067800668643860e-05
161 1 8.337676904356170e-01 8.193432319583138e-03 1.000000000000000e+00 NA 3.176553292940549e-06
162 1 8.621877247132810e-01 -5.016642940375959e-03 1.000000000000000e+00 NA -1.802418878462622e-04
163 1 8.257619273145975e-01 1.094467478173300e-02 1.000000000000000e+00 NA 2.483495875390221e-05
164 1 8.682433632701632e-01 -1.056691040377444e-02 1.000000000000000e+00 NA -1.164599574783412e-04
165 1 8.648598580553308e-01 3.818434755693545e-04 1.000000000000000e+00 NA 5.507368742767817e-04
166 1 8.562886533608971e-01 2.521853631517246e-03 1.000000000000000e+00 NA 6.559955287401718e-05
167 1 9.111795707008499e-01 -1.511413833236475e-02 1.000000000000000e+00 NA 1.293678660596908e-05
168 1 9.143719082933661e-01 5.359271477125560e-04 1.000000000000000e+00 NA 4.215763219313918e-05
169 1 9.029359156449406e-01 5.809035100675430e-03 1.000000000000000e+00 NA 4.813807268462161e-05
170 1 8.981199723545341e-01 3.650930287300014e-04 1.000000000000000e+00 NA 3.023615687545877e-05
171 1 9.225223916083359e-01 -9.460202747678892e-03 1.000000000000000e+00 NA -9.155569371193025e-07
172 1 9.192848144692946e-01 -6.154237138318308e-04 1.000000000000000e+00 NA -2.489797130461496e-05
173 1 8.610557816877906e-01 2.031842643389581e-02 1.000000000000000e+00 NA -8.554719298826620e-05
174 1 8.990391802521686e-01 -1.030592746653625e-02 1.000000000000000e+00 NA -3.777565681064164e-05
175 1 8.561080183965407e-01 1.230266940576641e-02 1.000000000000000e+00 NA -1.126228288435107e-04
176 1 8.811754395647382e-01 -9.209091164649408e-03 1.000000000000000e+00 NA -3.882607009622473e-05
177 1 8.753278597224906e-01 4.945464681703982e-03 1.000000000000000e+00 NA 2.915215683855879e-05
178 1 8.943251509131382e-01 -7.692649216153313e-03 1.000000000000000e+00 NA 5.622018347268275e-05
179 1 8.755188797511491e-01 8.959562304397650e-03 1.000000000000000e+00 NA 2.835229785743370e-05
180 1 8.741685654366625e-01 -7.186906172524488e-03 1.000000000000000e+00 NA -9.173001732619171e-07
## online measuring: Wilson loop
181 1 8.634641490903281e-01 3.493003061521449e-03 1.000000000000000e+00 NA 5.793873188971677e-05
182 1 8.798716617706336e-01 -4.618824594032844e-03 1.000000000000000e+00 NA 1.213494986446343e-04
183 1 8.640566705586545e-01 6.086951559240106e-03 1.000000000000000e+00 NA 6.842820869688035e-05
184 1 8.750256940106509e-01 -2.882447952590184e-03 1.000000000000000e+00 NA -7.446546095588602e-06
185 1 8.752406884621809e-01 -4.498302536017462e-03 1.000000000000000e+00 NA 9.062838609974572e-05
186 1 8.922791742552763e-01 -4.883079875369845e-03 1.000000000000000e+00 NA 3.345300784003033e-05
187 1 8.849001414858035e-01 3.353459425088801e-03 1.000000000000000e+00 NA 3.881456795908122e-05
188 1 8.586837313404185e-01 6.818343653144154e-03 1.000000000000000e+00 NA 6.035275469435504e-05
189 1 8.721427323171425e-01 -6.979762173919823e-04 1.000000000000000e+00 NA -7.726135281547606e-05
190 1 8.744906902772921e-01 -3.518220430848373e-03 1.000000000000000e+00 NA -9.684509850027324e-05
191 1 8.795345865294817e-01 2.367843982714390e-03 1.000000000000000e+00 NA -7.547683443866907e-05
192 1 8.791779940483455e-01 -1.208024616214942e-03 1.000000000000000e+00 NA -1.481256329146369e-04
193 1 8.818343079872972e-01 -2.251288620627179e-04 1.000000000000000e+00 NA -1.855213435755315e-05
194 1 8.633496396050526e-01 1.240687523399231e-03 1.000000000000000e+00 NA -3.011080870456742e-05
195 1 8.107122777715052e-01 1.805609649745321e-02 1.000000000000000e+00 NA -1.930459861710619e-04
196 1 8.076080851184608e-01 -6.233690338035558e-03 1.000000000000000e+00 NA 1.040755920864881e-04
197 1 8.234339481985918e-01 -8.834989244590474e-04 1.000000000000000e+00 NA -4.068532662664097e-04
198 1 8.173402369103840e-01 -3.371501330793336e-03 1.000000000000000e+00 NA -2.079161842691287e-04
199 1 8.215849649096203e-01 7.042235960700083e-03 1.000000000000000e+00 NA -7.485265300873298e-05
200 1 8.561498597416080e-01 -8.641088285383347e-03 1.000000000000000e+00 NA -1.739331435138960e-05
201 1 8.405954903968992e-01 2.410751111341369e-04 1.000000000000000e+00 NA 2.387019270749261e-05
202 1 8.091330879149263e-01 7.115631464614580e-03 1.000000000000000e+00 NA 4.398289524301901e-05
203 1 8.368343498930237e-01 -1.231385919380301e-02 1.000000000000000e+00 NA -2.049807190465968e-04
204 1 8.379134541870439e-01 4.620715929195995e-03 1.000000000000000e+00 NA 5.290334539848099e-05
205 1 8.356974967951333e-01 1.179097150185271e-03 1.000000000000000e+00 NA 1.209139749737152e-04
206 1 8.644106813491605e-01 -6.235049969891548e-03 1.000000000000000e+00 NA 2.581665311945778e-05
207 1 8.886175520325900e-01 -5.685495396210882e-03 1.000000000000000e+00 NA 5.463564242157620e-06
208 1 8.510140052533508e-01 1.514055616889110e-02 1.000000000000000e+00 NA -8.034690166887099e-05
209 1 8.398750103266318e-01 -5.506961501353658e-04 1.000000000000000e+00 NA 3.078831768984124e-05
210 1 8.711198599388089e-01 -1.159463560267682e-02 1.000000000000000e+00 NA -5.447977170654157e-05
## online measuring: Wilson loop
211 1 8.248538486337849e-01 1.362706692649596e-02 1.000000000000000e+00 NA -6.840929439762776e-05
212 1 8.720914705415748e-01 -1.366793990966286e-02 1.000000000000000e+00 NA 5.101241967478307e-05
213 1 9.144534765043432e-01 -1.160997101488448e-02 1.000000000000000e+00 NA -1.363301892002511e-05
214 1 8.555135213743770e-01 2.392122809667185e-02 1.000000000000000e+00 NA -1.242239454342366e-04
215 1 8.783610717824241e-01 -1.059861689926578e-02 1.000000000000000e+00 NA -1.731617606796227e-05
216 1 8.697386986095792e-01 1.871402873451444e-03 1.000000000000000e+00 NA -1.174840805376608e-04
217 1 8.356803407745192e-01 7.005311134136605e-03 1.000000000000000e+00 NA 7.221520744433719e-05
218 1 8.651415277544974e-01 -8.083465776813625e-03 1.000000000000000e+00 NA 1.568025737539140e-04
219 1 8.736943083507835e-01 -1.022218239513251e-02 1.000000000000000e+00 NA 3.147041104027127e-05
220 1 8.474513285186547e-01 7.095579342614400e-03 1.000000000000000e+00 NA 1.074606312438053e-04
221 1 8.264306097085186e-01 1.168363129111682e-02 1.000000000000000e+00 NA -7.482261886009981e-05
222 1 8.374565547386098e-01 -8.470975024653882e-03 1.000000000000000e+00 NA 3.191012542168496e-05
223 1 8.534454701689274e-01 -1.599249439429684e-03 1.000000000000000e+00 NA -6.071346076354612e-05
224 1 8.335779782145265e-01 2.370695449492644e-03 1.000000000000000e+00 NA -4.856060055894569e-06
225 1 8.515987625679691e-01 1.281792663288428e-03 1.000000000000000e+00 NA -1.049112655514883e-05
226 1 8.635773336042458e-01 -5.107543239333268e-04 1.000000000000000e+00 NA 1.720139418746656e-05
227 1 8.696194450201598e-01 -3.491517772793884e-03 1.000000000000000e+00 NA 2.252232092383424e-05
228 1 9.070957915348027e-01 -6.834014210625128e-03 1.000000000000000e+00 NA 9.795795272619763e-06
229 1 9.109102086343644e-01 -2.743287253835547e-03 1.000000000000000e+00 NA 1.649544392435961e-05
230 1 9.061182641780499e-01 1.746468866723916e-03 1.000000000000000e+00 NA -6.012260859117751e-07
231 1 9.052636105707197e-01 -3.368962798617758e-03 1.000000000000000e+00 NA -2.087200172890662e-05
232 1 8.754415696669678e-01 9.357450998766836e-03 1.000000000000000e+00 NA 2.008435910091342e-05
233 1 8.910782262672138e-01 -3.742958382563444e-03 1.000000000000000e+00 NA 1.928611627658916e-05
234 1 8.720168690226500e-01 1.049521858389113e-02 1.000000000000000e+00 NA 8.084479461169099e-05
235 1 8.611928519258427e-01 -3.111253268265557e-03 1.000000000000000e+00 NA 2.748377694344263e-05
236 1 8.601816915220195e-01 -1.134797576760604e-04 1.000000000000000e+00 NA 5.498100456075426e-05
237 1 8.529058097017997e-01 5.429555003004793e-03 1.000000000000000e+00 NA -3.212526880025268e-05
238 1 8.593366829607630e-01 -6.481189248159325e-03 1.000000000000000e+00 NA -5.346230036140648e-05
239 1 8.806884100673510e-01 -5.567436654342117e-03 1.000000000000000e+00 NA -7.256896024139886e-05
240 1 8.542921277277303e-01 7.564220479100214e-03 1.000000000000000e+00 NA 1.491227429554382e-04
## online measuring: Wilson loop
241 1 8.713935450044312e-01 -6.711505178635946e-04 1.000000000000000e+00 NA 6.958363915867366e-06
242 1 8.847312856193688e-01 -6.619395539090078e-03 1.000000000000000e+00 NA 3.353916781746614e-05
243 1 8.459662873644720e-01 1.088547203920243e-02 1.000000000000000e+00 NA 1.325978237150630e-04
244 1 8.692481990440424e-01 -9.915191875123242e-03 1.000000000000000e+00 NA -7.214745962171512e-05
245 1 8.172920684347347e-01 1.456702887114503e-02 1.000000000000000e+00 NA -8.489982606513826e-06
246 1 8.728410509186664e-01 -1.720224413528015e-02 1.000000000000000e+00 NA 5.587283880239262e-05
247 1 9.183317330667460e-01 -8.919652041811332e-03 1.000000000000000e+00 NA -3.974979628744039e-05
248 1 9.117998642250195e-01 2.956129863473933e-03 1.000000000000000e+00 NA 6.740978707484626e-06
249 1 8.579479548365795e-01 1.815731275321752e-02 1.000000000000000e+00 NA 1.158923445535927e-04
250 1 8.932169963651990e-01 -1.268277665060680e-02 1.000000000000000e+00 NA -4.576079155153114e-05
251 1 8.643110067151133e-01 1.398088732247871e-02 1.000000000000000e+00 NA 2.164886411777771e-05
252 1 9.104001654836491e-01 -1.746866528808511e-02 1.000000000000000e+00 NA -2.606280335884564e-05
253 1 9.053174767245592e-01 -1.128501233516488e-03 1.000000000000000e+00 NA 6.480523831494509e-06
254 1 8.617926670125462e-01 1.509937275530504e-02 1.000000000000000e+00 NA -3.193100420940405e-05
255 1 9.192229928178192e-01 -2.553098420041522e-02 1.000000000000000e+00 NA -1.333104654293552e-05
256 1 8.680315278547095e-01 1.602803289881294e-02 1.000000000000000e+00 NA 6.025670179005488e-05
257 1 8.432865265419867e-01 5.215624237678185e-03 1.000000000000000e+00 NA -8.236408788423838e-05
258 1 8.609924827863857e-01 -7.487944566669569e-03 1.000000000000000e+00 NA 2.091203095971394e-04
259 1 8.533512385483589e-01 6.348789509960540e-03 1.000000000000000e+00 NA 1.728599509416778e-04
260 1 8.556506057725017e-01 1.205333512100282e-03 1.000000000000000e+00 NA -2.908704292375331e-04
261 1 8.766558197846092e-01 -6.697377200286070e-03 1.000000000000000e+00 NA -2.400797188649948e-05
262 1 9.009143985902225e-01 -8.191118573169121e-03 1.000000000000000e+00 NA 5.907234083599676e-06
263 1 8.799292931671100e-01 7.850898840356280e-03 1.000000000000000e+00 NA 4.196750471360153e-05
264 1 8.701156477386789e-01 -1.938094080440322e-03 1.000000000000000e+00 NA -4.352965817281692e-05
265 1 8.346547291030963e-01 6.912832300070448e-03 1.000000000000000e+00 NA -1.669416600715319e-04
266 1 8.627490120286345e-01 -2.014206318278866e-03 1.000000000000000e+00 NA -7.540892657561666e-05
267 1 9.091067771886920e-01 -1.422131823855466e-02 1.000000000000000e+00 NA -1.052900517946280e-05
268 1 8.916216582242520e-01 5.689293227582937e-03 1.000000000000000e+00 NA 2.788948791941039e-05
269 1 8.980000391458018e-01 -1.873442829364080e-03 1.000000000000000e+00 NA -6.595408035737738e-06
270 1 9.143203215641582e-01 -3.722704394409249e-03 1.000000000000000e+00 NA -6.876530702490920e-05
## online measuring: Wilson loop
271 1 9.010356350782032e-01 4.477088048009392e-03 1.000000000000000e+00 NA 1.481694692359980e-05
272 1 8.829192401249598e-01 5.883793105301294e-03 1.000000000000000e+00 NA -2.552162142643606e-05
273 1 8.758501399834718e-01 1.412700835704328e-03 1.000000000000000e+00 NA -4.437969703919706e-05
274 1 8.649991483901467e-01 2.499097307214981e-03 1.000000000000000e+00 NA 4.497464865905382e-05
275 1 8.453534860861369e-01 3.225992776972220e-03 1.000000000000000e+00 NA 7.878291934339552e-05
276 1 8.872000223456237e-01 -1.055418166446032e-02 1.000000000000000e+00 NA 3.066840078068849e-05
277 1 8.651558156847126e-01 9.063723189427719e-03 1.000000000000000e+00 NA 1.964890926128276e-05
278 1 8.836684443104814e-01 -4.890552606600096e-03 1.000000000000000e+00 NA 1.471472020346701e-06
279 1 8.973357208386645e-01 -1.110567309303789e-02 1.000000000000000e+00 NA 8.216783348860753e-05
280 1 8.667201178191291e-01 1.601601645671025e-02 1.000000000000000e+00 NA -8.989852548905438e-06
281 1 8.718658274974982e-01 -6.167752147803185e-03 1.000000000000000e+00 NA 2.243516269996723e-05
282 1 8.590985730606517e-01 1.299892265965497e-03 1.000000000000000e+00 NA 2.496982297199934e-04
283 1 8.593877603754665e-01 1.513749510518636e-03 1.000000000000000e+00 NA -1.185063393559144e-05
284 1 8.461877605390116e-01 4.870987426478735e-03 1.000000000000000e+00 NA 1.521308968054886e-04
285 1 8.547947516825866e-01 -5.947399974491674e-03 1.000000000000000e+00 NA -9.643793449012925e-05
286 1 8.749953667425319e-01 -7.089431459267104e-03 1.000000000000000e+00 NA -5.736017450861715e-05
287 1 8.293823805007948e-01 2.127593172551911e-02 1.000000000000000e+00 NA -1.537131545222609e-05
288 1 8.416762445303499e-01 -3.775177489025339e-03 1.000000000000000e+00 NA -7.796771252542265e-05
289 1 8.384879546965897e-01 1.857520322907646e-03 1.000000000000000e+00 NA 3.141155966095701e-04
290 1 8.745450511938044e-01 -1.595362792673072e-02 1.000000000000000e+00 NA 9.814356916067090e-05
291 1 8.339827884891929e-01 1.311304027275284e-02 1.000000000000000e+00 NA -2.335329040628579e-05
292 1 8.753399153594882e-01 -9.394998930179810e-03 1.000000000000000e+00 NA 4.732247226540597e-05
293 1 8.686573902167383e-01 1.247244661083613e-03 1.000000000000000e+00 NA -8.669324950587431e-05
294 1 8.914975003015387e-01 7.605525006759706e-04 1.000000000000000e+00 NA 3.088772102387119e-06
295 1 8.757580175426869e-01 4.936726967134319e-03 1.000000000000000e+00 NA -1.936602429047356e-08
296 1 8.903162532945459e-01 -4.751589276391854e-03 1.000000000000000e+00 NA 6.423220513989883e-07
297 1 9.307660735809963e-01 -1.326175132775376e-02 1.000000000000000e+00 NA 7.464824896580856e-06
298 1 9.015376269200468e-01 9.209862428772198e-03 1.000000000000000e+00 NA 7.142438448371281e-06
299 1 8.782605973557289e-01 1.013035425727793e-02 1.000000000000000e+00 NA -2.550101935905109e-06
300 1 8.902688092991371e-01 -7.790993581782146e-03 1.000000000000000e+00 NA 1.238545425127132e-05
## online measuring: Wilson loop
301 1 8.496348877456301e-01 1.279822467401104e-02 1.000000000000000e+00 NA 1.195473035571427e-05
302 1 8.991143727840619e-01 -1.689743666034360e-02 1.000000000000000e+00 NA 3.332802098402383e-05
303 1 8.820371441501278e-01 6.813542196809408e-03 1.000000000000000e+00 NA 6.101445541632655e-05
304 1 9.069290448634879e-01 -8.017434420654723e-03 1.000000000000000e+00 NA -7.488925205509292e-07
305 1 9.179177890656535e-01 -2.308247908633376e-03 1.000000000000000e+00 NA -2.210480124258784e-05
306 1 9.114866221412914e-01 2.276032702290820e-03 1.000000000000000e+00 NA 2.600955719658902e-05
307 1 9.098484084365710e-01 1.816227040929874e-03 1.000000000000000e+00 NA 4.880508118790932e-06
308 1 9.066450700907738e-01 1.739637178840070e-03 1.000000000000000e+00 NA -5.176389767626734e-05
309 1 9.060930108440914e-01 -7.927110956842398e-04 1.000000000000000e+00 NA 2.706600976165498e-05
310 1 8.881410237506773e-01 2.439708507054661e-03 1.000000000000000e+00 NA -3.154069540020869e-06
311 1 8.861226049537267e-01 4.438391401027530e-03 1.000000000000000e+00 NA -7.165790167263919e-05
312 1 8.980192378486305e-01 -5.654968648705960e-03 1.000000000000000e+00 NA -8.394981046451536e-06
313 1 9.014436598198513e-01 -2.015656474590344e-03 1.000000000000000e+00 NA 8.367833153996155e-06
314 1 9.054807177406580e-01 -8.454190205036127e-04 1.000000000000000e+00 NA 1.683123405453111e-05
315 1 9.346252240655671e-01 -9.515178521812828e-03 1.000000000000000e+00 NA 2.382055043810307e-06
316 1 8.854606808925652e-01 1.618396272274225e-02 1.000000000000000e+00 NA -2.117193124154960e-05
317 1 8.773537968760969e-01 5.077109474498798e-03 1.000000000000000e+00 NA 8.027251709671852e-05
318 1 9.232023635154786e-01 -1.930649608520163e-02 1.000000000000000e+00 NA -3.431527848515924e-06
319 1 8.884004088024133e-01 9.824669877383840e-03 1.000000000000000e+00 NA -1.508900039781744e-05
320 1 9.060426065079463e-01 -4.234696713030672e-03 1.000000000000000e+00 NA -2.242751229545652e-05
321 1 8.908719040789972e-01 2.482729129088312e-03 1.000000000000000e+00 NA -1.755564000334501e-05
322 1 9.121189607354678e-01 -6.083435540055859e-03 1.000000000000000e+00 NA -1.670644576054406e-05
323 1 8.675819841565195e-01 1.605979901984256e-02 1.000000000000000e+00 NA 1.501701042151910e-05
324 1 8.737170221275316e-01 -3.468254316135955e-03 1.000000000000000e+00 NA -5.597251564043713e-05
325 1 8.733465917531662e-01 4.081336513557687e-03 1.000000000000000e+00 NA 4.006796705030824e-05
326 1 9.058368415185930e-01 -9.346863399947836e-03 1.000000000000000e+00 NA -2.619586917252264e-06
327 1 8.545751190549160e-01 1.680609487980789e-02 1.000000000000000e+00 NA 2.440535798618916e-04
328 1 8.940286355035596e-01 -1.267478878866868e-02 1.000000000000000e+00 NA -3.380481028435641e-07
329 1 8.594188723753510e-01 9.512660776547222e-03 1.000000000000000e+00 NA -9.159280770012576e-05
330 1 9.003610715018034e-01 -1.540409568046286e-02 1.000000000000000e+00 NA -1.052713810232246e-05
## online measuring: Wilson loop
331 1 8.815802816857146e-01 5.171064416440885e-03 1.000000000000000e+00 NA -9.957966087208326e-06
332 1 9.179524901699756e-01 -1.008957647605158e-02 1.000000000000000e+00 NA 1.249275418375436e-05
333 1 8.911696922112574e-01 8.365942287575479e-03 1.000000000000000e+00 NA 1.629257102160288e-06
334 1 8.854549250286115e-01 4.294721834504855e-03 1.000000000000000e+00 NA -9.598696386033075e-05
335 1 8.849701274290105e-01 -1.153898977165113e-03 1.000000000000000e+00 NA -5.365400798513980e-05
336 1 8.316022045347309e-01 1.857437425251618e-02 1.000000000000000e+00 NA -1.466815215039521e-04
337 1 8.739964323361884e-01 -1.557425256667244e-02 1.000000000000000e+00 NA 3.412104705532017e-06
338 1 8.697868121150584e-01 -1.634361497401926e-03 1.000000000000000e+00 NA -2.454646496700485e-04
339 1 8.455364504472727e-01 4.844918344986127e-03 1.000000000000000e+00 NA -2.489427944435230e-04
340 1 8.844349695346119e-01 -9.440548041151686e-03 1.000000000000000e+00 NA -9.871255200539921e-05
341 1 8.862492852556179e-01 1.365095629175528e-03 1.000000000000000e+00 NA -7.401922629225156e-09
342 1 9.162781156258865e-01 -7.372629202420100e-03 1.000000000000000e+00 NA 1.620129589886671e-06
343 1 9.270646663718696e-01 -3.071292011737725e-03 1.000000000000000e+00 NA 3.078738813188842e-06
344 1 9.155102968504779e-01 3.904106656296591e-03 1.000000000000000e+00 NA 1.883458410768816e-05
345 1 9.073313841603859e-01 2.231115857615151e-03 1.000000000000000e+00 NA -1.685820014951629e-05
346 1 8.863356478369800e-01 9.814447269544502e-03 1.000000000000000e+00 NA -3.364937972135160e-06
347 1 8.698349633603173e-01 -3.056033442767614e-04 1.000000000000000e+00 NA 3.960407987707012e-05
348 1 8.523785614667340e-01 5.817749992264254e-03 1.000000000000000e+00 NA -9.137849793624683e-05
349 1 8.777646129642769e-01 -6.278112447660078e-03 1.000000000000000e+00 NA -2.069791634921826e-06
350 1 8.901555763286059e-01 -8.448702429248556e-03 1.000000000000000e+00 NA -3.613439325804165e-05
351 1 8.792156111366636e-01 5.319367528819896e-04 1.000000000000000e+00 NA 3.504479550665457e-05
352 1 8.738381420952672e-01 3.869887607994116e-03 1.000000000000000e+00 NA 1.050656371851862e-04
353 1 9.038986246047541e-01 -5.556850279763381e-03 1.000000000000000e+00 NA 7.810966597736836e-07
354 1 9.094242324917344e-01 5.302130055397924e-04 1.000000000000000e+00 NA 3.541528639894457e-05
355 1 9.236135078073687e-01 -7.131260040118548e-03 1.000000000000000e+00 NA -1.863415258314774e-05
356 1 8.635044767642819e-01 1.582487425230283e-02 1.000000000000000e+00 NA -1.554390636560366e-04
357 1 8.954808008341285e-01 -1.318625424563180e-02 1.000000000000000e+00 NA 1.205446094391597e-05
358 1 8.792362225493575e-01 5.346384716766295e-03 1.000000000000000e+00 NA 2.703309875245786e-05
359 1 8.849602223276725e-01 -1.622489568774199e-03 1.000000000000000e+00 NA 9.918510623747903e-05
360 1 9.422038656430141e-01 -1.501284053285801e-02 1.000000000000000e+00 NA 1.419264971561303e-05
## online measuring: Wilson loop
361 1 9.154631608681886e-01 5.820510243953692e-03 1.000000000000000e+00 NA -7.797696021777158e-06
362 1 8.815610164695338e-01 1.000160127967575e-02 1.000000000000000e+00 NA 5.302275346230489e-06
363 1 8.675933437493173e-01 1.009133215244873e-03 1.000000000000000e+00 NA -1.469207363104964e-04
364 1 8.594424093025600e-01 2.538372001485101e-03 1.000000000000000e+00 NA -4.464852992765146e-04
365 1 8.594773995986515e-01 3.930692580617290e-03 1.000000000000000e+00 NA 1.017762754344421e-05
366 1 9.099572056490508e-01 -1.267411422536213e-02 1.000000000000000e+00 NA -1.854816287484341e-05
367 1 9.030751640998190e-01 2.889269906507508e-03 1.000000000000000e+00 NA 2.473706084686015e-05
368 1 8.862430441316465e-01 3.677291545518102e-03 1.000000000000000e+00 NA -1.678012998317166e-05
369 1 8.790923623919650e-01 -2.044213311521048e-03 1.000000000000000e+00 NA 3.707210954615716e-05
370 1 8.878749036428453e-01 1.040263699263022e-03 1.000000000000000e+00 NA -6.222699612680205e-05
371 1 8.901185006777885e-01 -1.128531001402422e-03 1.000000000000000e+00 NA 1.447202175750680e-06
372 1 9.147204131877272e-01 -6.516249633712334e-03 1.000000000000000e+00 NA -5.435326504600653e-06
373 1 9.116037241035324e-01 1.432723041290274e-03 1.000000000000000e+00 NA -8.426488088381139e-06
374 1 9.184518648214806e-01 -2.370628786882989e-03 1.000000000000000e+00 NA -1.361830863752939e-05
375 1 9.176096626750949e-01 2.126403258563059e-03 1.000000000000000e+00 NA -2.247561461589340e-07
376 1 8.801559637001422e-01 1.635732068703177e-02 1.000000000000000e+00 NA 3.500066642191713e-05
377 1 8.894350844648171e-01 -3.917225873149022e-03 1.000000000000000e+00 NA 1.662075267391581e-05
378 1 8.993465827704241e-01 -4.703907889865633e-03 1.000000000000000e+00 NA 4.637798627163064e-06
379 1 9.016003420007795e-01 -3.490055842053863e-03 1.000000000000000e+00 NA -1.788854310076226e-05
380 1 8.791402349794258e-01 1.214634967557870e-02 1.000000000000000e+00 NA -4.491620008493011e-05
381 1 9.053784963420721e-01 -1.092089838092036e-02 1.000000000000000e+00 NA -1.720390960780392e-05
382 1 8.852449052468840e-01 9.514878723187792e-03 1.000000000000000e+00 NA 5.002041658911607e-07
383 1 8.675892803146104e-01 -2.808962329737597e-03 1.000000000000000e+00 NA 9.206327233618705e-05
384 1 8.505084099484337e-01 -3.473475445083807e-04 1.000000000000000e+00 NA 2.857634307714788e-05
385 1 8.470273367594379e-01 -6.100713482304343e-04 1.000000000000000e+00 NA 2.292846967488249e-05
386 1 8.404804434984403e-01 8.221511135197090e-03 1.000000000000000e+00 NA 3.489466812130398e-05
387 1 8.467351967072508e-01 -2.880647151666693e-03 1.000000000000000e+00 NA 1.620394872347130e-05
388 1 8.441549167978846e-01 4.472904499742469e-03 1.000000000000000e+00 NA -8.679965820425790e-06
389 1 8.792444139317995e-01 -1.030731445890964e-02 1.000000000000000e+00 NA 6.567531667578314e-06
390 1 8.731742565198870e-01 1.993762976162827e-03 1.000000000000000e+00 NA -2.787956284704068e-05
## online measuring: Wilson loop
391 1 8.881955396754219e-01 -7.411308458326715e-03 1.000000000000000e+00 NA 1.426594207693830e-05
392 1 8.882958164421892e-01 3.379647824353071e-03 1.000000000000000e+00 NA -8.493254708182587e-05
393 1 8.871267506850057e-01 -2.292300341824927e-03 1.000000000000000e+00 NA 5.220140344558159e-06
394 1 8.805850891114080e-01 -2.535816587439399e-03 1.000000000000000e+00 NA 3.031313597026166e-05
395 1 8.976340113258896e-01 -4.686024205295070e-03 1.000000000000000e+00 NA 1.015381633442121e-04
396 1 8.554278988679185e-01 1.653124735805633e-02 1.000000000000000e+00 NA -9.567383159673763e-05
397 1 8.640917936309883e-01 -9.893537004259656e-04 1.000000000000000e+00 NA -8.207471179688073e-06
398 1 8.809863253355110e-01 -7.765569739106581e-03 1.000000000000000e+00 NA 1.871749404601612e-05
399 1 8.793272423147145e-01 -2.533389323108537e-03 1.000000000000000e+00 NA -5.317705238917143e-05
400 1 8.724747350746750e-01 5.520701511890991e-03 1.000000000000000e+00 NA -6.569284500969424e-05
401 1 9.088205733938353e-01 -1.123662297686678e-02 1.000000000000000e+00 NA 8.165756534395462e-06
402 1 8.527925683806968e-01 1.577451237124450e-02 1.000000000000000e+00 NA -1.471371891512104e-04
403 1 8.916998464557864e-01 -1.330178967556961e-02 1.000000000000000e+00 NA -1.029287109160718e-05
404 1 8.672133284831248e-01 6.118866867453221e-03 1.000000000000000e+00 NA 1.282123952193684e-05
405 1 8.369052127805885e-01 8.000188096641381e-03 1.000000000000000e+00 NA -1.194316297545896e-05
406 1 8.399979201665495e-01 3.324940656135311e-03 1.000000000000000e+00 NA 9.518059876797884e-05
407 1 8.388233540222316e-01 -5.928577860956352e-04 1.000000000000000e+00 NA 8.737318994216930e-05
408 1 8.615940268164023e-01 -4.891042597687800e-03 1.000000000000000e+00 NA 1.595445650155546e-05
409 1 9.076660618022805e-01 -1.625366193633937e-02 1.000000000000000e+00 NA -1.524670542931352e-05
410 1 8.913814929713388e-01 6.484300228144946e-03 1.000000000000000e+00 NA 1.071216069977924e-05
411 1 9.021452189421633e-01 -1.954536846049848e-03 1.000000000000000e+00 NA 5.469269602601421e-05
412 1 8.629811977600044e-01 1.059798154801328e-02 1.000000000000000e+00 NA -3.383679938554149e-05
413 1 8.798658837292461e-01 -2.750591471098573e-03 1.000000000000000e+00 NA -7.065871318418472e-05
414 1 8.770079489253737e-01 9.826680022122503e-04 1.000000000000000e+00 NA 4.194932599318443e-05
415 1 8.556464793872876e-01 5.438119976609812e-03 1.000000000000000e+00 NA -1.471981788936371e-05
416 1 8.608910936062453e-01 -1.249375032728040e-04 1.000000000000000e+00 NA -4.224662546010846e-05
417 1 8.798300739733108e-01 -5.589609794952821e-03 1.000000000000000e+00 NA -8.354655870090652e-05
418 1 8.599825749218184e-01 4.752364313961976e-03 1.000000000000000e+00 NA -3.178172151796798e-05
419 1 8.588740771322946e-01 3.006864064754922e-03 1.000000000000000e+00 NA 7.077964496789304e-05
420 1 8.885632323495580e-01 -1.423534171288665e-02 1.000000000000000e+00 NA 5.764199922407038e-05
## online measuring: Wilson loop
421 1 8.678768470454461e-01 5.607864078008618e-03 1.000000000000000e+00 NA 9.287737979772402e-05
422 1 8.614805552524902e-01 2.294222274613844e-03 1.000000000000000e+00 NA -9.465706580679651e-05
423 1 8.387614555241678e-01 6.948715515608939e-03 1.000000000000000e+00 NA 3.530583704169074e-05
424 1 8.161223634339265e-01 7.014907910143364e-03 1.000000000000000e+00 NA 2.187612357995141e-05
425 1 8.548341844992700e-01 -1.043914841732274e-02 1.000000000000000e+00 NA -1.379890546524311e-05
426 1 8.702658406007370e-01 -6.565040958410151e-03 1.000000000000000e+00 NA 1.918037654597003e-06
427 1 8.512137644973140e-01 9.796650829109410e-03 1.000000000000000e+00 NA -1.646095313662493e-04
428 1 8.274776077215883e-01 -1.111547502951282e-03 1.000000000000000e+00 NA 2.910031993667284e-04
429 1 8.316039853170457e-01 -2.639117741555452e-03 1.000000000000000e+00 NA 4.078507362693211e-04
430 1 8.538418297095041e-01 -5.650386385692485e-03 1.000000000000000e+00 NA 3.769771844333556e-05
431 1 8.673924220700640e-01 -1.665663182421895e-03 1.000000000000000e+00 NA 7.978518892044749e-05
432 1 8.521589263823530e-01 2.394623312216737e-03 1.000000000000000e+00 NA -1.304689130491258e-04
433 1 8.435007477997193e-01 2.629313796141730e-03 1.000000000000000e+00 NA 8.735804331376752e-05
434 1 8.414708797858348e-01 1.183408128280661e-03 1.000000000000000e+00 NA -2.392013524614467e-07
435 1 8.493122307961676e-01 -2.436713312267358e-03 1.000000000000000e+00 NA 1.210148583179212e-04
436 1 8.619355524936069e-01 -5.666672233527237e-03 1.000000000000000e+00 NA 6.101103013766109e-05
437 1 8.544119554056657e-01 7.488491145593912e-03 1.000000000000000e+00 NA -6.560054306778282e-05
438 1 8.943600997814253e-01 -1.316182684436740e-02 1.000000000000000e+00 NA 9.245360620328181e-06
439 1 8.897757289424040e-01 2.241202447024193e-04 1.000000000000000e+00 NA -3.786267552618618e-05
440 1 8.806282846792423e-01 2.580303106601178e-03 1.000000000000000e+00 NA -2.622405907078849e-05
441 1 8.791342379231841e-01 4.069663232474596e-03 1.000000000000000e+00 NA 6.051859307411378e-07
442 1 8.444809609873396e-01 7.528790682091113e-03 1.000000000000000e+00 NA -2.523341768149748e-05
443 1 8.553984549889170e-01 -6.834544965087730e-03 1.000000000000000e+00 NA -9.945360510581280e-05
444 1 8.591352050349230e-01 2.093351930479770e-03 1.000000000000000e+00 NA -8.779243475021169e-06
445 1 8.875804804331358e-01 -7.353197357364394e-03 1.000000000000000e+00 NA -2.421339962252888e-04
446 1 8.937779941467091e-01 -5.928641511836474e-04 1.000000000000000e+00 NA -5.555326652404704e-05
447 1 8.678625732425701e-01 7.146136133545866e-03 1.000000000000000e+00 NA -8.520758146243784e-05
448 1 8.228462267968150e-01 1.103641274523071e-02 1.000000000000000e+00 NA 1.593649355241466e-04
449 1 8.857831544316657e-01 -1.550035758815227e-02 1.000000000000000e+00 NA -8.827608314555906e-05
450 1 8.813992328878084e-01 4.065213326754247e-03 1.000000000000000e+00 NA -7.875804192880324e-05
## online measuring: Wilson loop
451 1 8.819299209563418e-01 -1.405299853061592e-03 1.000000000000000e+00 NA -7.111347682390419e-05
452 1 8.776586391465672e-01 4.830894673595765e-03 1.000000000000000e+00 NA -5.616249447280899e-06
453 1 9.147456734921964e-01 -1.729758572246709e-02 1.000000000000000e+00 NA -5.607621899794188e-06
454 1 8.719354585262009e-01 1.469770636560241e-02 1.000000000000000e+00 NA -5.866988668466276e-05
455 1 8.873483907689796e-01 -8.796977510765913e-03 1.000000000000000e+00 NA 6.391801727521565e-05
456 1 9.006335764349075e-01 1.886383743908482e-03 1.000000000000000e+00 NA 3.008216602534746e-05
457 1 8.734033818275702e-01 4.913353443466661e-03 1.000000000000000e+00 NA -1.105357203318027e-04
458 1 8.676067990012470e-01 -1.849820634738819e-03 1.000000000000000e+00 NA 2.902630180390622e-05
459 1 8.535700556905470e-01 4.893079536124390e-03 1.000000000000000e+00 NA 4.721634152857649e-05
460 1 8.318941847703256e-01 7.429900647117904e-03 1.000000000000000e+00 NA 2.475835536493549e-04
461 1 8.500359610082282e-01 -9.038992554508241e-03 1.000000000000000e+00 NA -2.649023987695222e-05
462 1 8.506281909531961e-01 -3.595725765812574e-04 1.000000000000000e+00 NA -3.236562398597788e-05
463 1 8.757294349487973e-01 -2.515988142125281e-03 1.000000000000000e+00 NA 3.392915469307427e-05
464 1 8.837690931397866e-01 -5.824909008158130e-03 1.000000000000000e+00 NA 1.440221084958578e-04
465 1 8.733093801735539e-01 7.468262761765487e-03 1.000000000000000e+00 NA -1.815005841318995e-06
466 1 8.391519284940891e-01 5.949960622050554e-03 1.000000000000000e+00 NA -1.091767482523450e-05
467 1 8.606428483493682e-01 -9.112559557753031e-03 1.000000000000000e+00 NA 5.687656680829408e-05
468 1 8.336648650753241e-01 8.468882500391572e-03 1.000000000000000e+00 NA -8.582636247777769e-05
469 1 8.707769277154235e-01 -5.616959268447630e-03 1.000000000000000e+00 NA -2.193255397944881e-05
470 1 8.356639397553398e-01 1.398722284555376e-02 1.000000000000000e+00 NA -1.760523748116497e-05
471 1 8.242080946517403e-01 -3.687615874909511e-03 1.000000000000000e+00 NA -5.508669958886492e-06
472 1 8.168833932336540e-01 2.104467722798375e-03 1.000000000000000e+00 NA 1.575969155089575e-04
473 1 8.257182542949991e-01 -5.351267198353327e-03 1.000000000000000e+00 NA -4.894448909219672e-05
474 1 8.444422428509496e-01 -2.516902305071511e-03 1.000000000000000e+00 NA 1.436211492895900e-04
475 1 8.470634470767266e-01 3.041105087628893e-03 1.000000000000000e+00 NA -1.606498492884113e-04
476 1 8.526232633730940e-01 3.055086448711108e-05 1.000000000000000e+00 NA 3.639341184993949e-05
477 1 8.500720963533412e-01 -1.736919378640067e-03 1.000000000000000e+00 NA -2.433683497933877e-04
478 1 8.353634537503327e-01 2.674571814210935e-03 1.000000000000000e+00 NA 5.523507692516670e-05
479 1 8.543796864551277e-01 -9.271319464790650e-03 1.000000000000000e+00 NA 1.079394262047957e-05
480 1 8.321087762502195e-01 1.182559827896057e-02 1.000000000000000e+00 NA 1.628938381130283e-05
## online measuring: Wilson loop
481 1 8.426197190239724e-01 -3.402763790429475e-03 1.000000000000000e+00 NA -6.347138811274773e-05
482 1 8.632355723568095e-01 -8.996166075565526e-03 1.000000000000000e+00 NA 7.573394555468123e-05
483 1 8.480488011773867e-01 9.341062023310087e-03 1.000000000000000e+00 NA 1.670052503494541e-04
484 1 8.726597650353569e-01 -9.426367521314205e-03 1.000000000000000e+00 NA -1.071503297873226e-04
485 1 8.686396972318651e-01 2.406282690568418e-03 1.000000000000000e+00 NA -1.543607260174699e-04
486 1 8.415708724467068e-01 6.008720860805283e-03 1.000000000000000e+00 NA -1.171300820111786e-04
487 1 8.229304670244590e-01 3.762692410766988e-03 1.000000000000000e+00 NA 5.088559006609140e-04
488 1 8.209424064973667e-01 -3.590230299550967e-03 1.000000000000000e+00 NA -6.897759740943707e-05
489 1 8.425241999306463e-01 -2.207810489551321e-03 1.000000000000000e+00 NA 6.198291811532478e-05
490 1 8.503059851843144e-01 -6.246373834105867e-03 1.000000000000000e+00 NA 1.040496038719267e-04
491 1 8.312405037461765e-01 5.319721255652610e-03 1.000000000000000e+00 NA 3.157115421304881e-04
492 1 8.243448468907426e-01 -3.812833152792905e-03 1.000000000000000e+00 NA -7.761044369286774e-05
493 1 8.331462351342447e-01 3.207628162915199e-03 1.000000000000000e+00 NA -6.203766152476401e-05
494 1 8.369991390664154e-01 -2.805306560013321e-03 1.000000000000000e+00 NA 1.596235995430589e-05
495 1 8.407303262043301e-01 3.564186783243883e-03 1.000000000000000e+00 NA 6.688244222398805e-05
496 1 8.485445087314203e-01 -2.283217366478851e-03 1.000000000000000e+00 NA -2.708988703312779e-05
497 1 8.632891397985960e-01 -5.818099942910493e-03 1.000000000000000e+00 NA -4.072404081416770e-05
498 1 8.571820499633847e-01 -2.485120737244273e-03 1.000000000000000e+00 NA 3.793862417402402e-05
499 1 8.827788313780747e-01 -5.335725635625010e-03 1.000000000000000e+00 NA -2.344398754232571e-05
500 1 8.708326049395678e-01 4.229513374934157e-03 1.000000000000000e+00 NA 7.716821300960376e-05
501 1 8.947195163977872e-01 -5.513506455582018e-03 1.000000000000000e+00 NA -3.060835253698335e-05
502 1 8.828040173217517e-01 6.078549298550229e-03 1.000000000000000e+00 NA 2.358546010936888e-05
503 1 8.825285181512406e-01 -1.566436394412563e-03 1.000000000000000e+00 NA 5.711340900486377e-05
504 1 9.026604154707780e-01 -1.065421669516908e-02 1.000000000000000e+00 NA -2.854920622572517e-07
505 1 8.796609978093808e-01 7.219638016771057e-03 1.000000000000000e+00 NA -3.763430878509117e-05
506 1 8.521192389407373e-01 6.822677621830309e-03 1.000000000000000e+00 NA 5.962533304735865e-05
507 1 8.644404714343145e-01 -4.765364926200277e-04 1.000000000000000e+00 NA -4.333494056872650e-06
508 1 9.084396289153475e-01 -1.081454010752481e-02 1.000000000000000e+00 NA 1.047521938094344e-05
509 1 8.630606319470276e-01 1.586526782662645e-02 1.000000000000000e+00 NA -9.013841801623455e-07
510 1 8.503638291693829e-01 8.007523505781933e-05 1.000000000000000e+00 NA -1.928706198939811e-04
## online measuring: Wilson loop
511 1 8.662542289825694e-01 -6.542782354372889e-03 1.000000000000000e+00 NA -1.307411266683018e-06
512 1 8.200378031923625e-01 1.172717674659651e-02 1.000000000000000e+00 NA -2.048639866668699e-04
513 1 8.617820932191247e-01 -1.244252012444491e-02 1.000000000000000e+00 NA 3.918491657586612e-06
514 1 8.426386274068296e-01 5.112350359926410e-03 1.000000000000000e+00 NA 2.065339591741161e-04
515 1 8.606596944877125e-01 -6.240277690530149e-03 1.000000000000000e+00 NA 1.530345848510490e-04
516 1 8.614778913995808e-01 7.033059360274763e-03 1.000000000000000e+00 NA 1.012377375092330e-04
517 1 8.662805647616129e-01 -5.957716487770881e-03 1.000000000000000e+00 NA -2.396500247992321e-05
518 1 8.568565621417187e-01 5.694377915293813e-03 1.000000000000000e+00 NA 2.086088837422564e-04
519 1 8.568476976056976e-01 4.348943077197021e-04 1.000000000000000e+00 NA -5.581602217951254e-04
520 1 8.554548797453864e-01 -4.223479449478873e-04 1.000000000000000e+00 NA -1.877381604080006e-04
521 1 8.444525273587264e-01 -1.152301914579823e-03 1.000000000000000e+00 NA -7.553923352397046e-05
522 1 8.577617016493339e-01 -2.990657193020496e-03 1.000000000000000e+00 NA -7.669509196716553e-06
523 1 8.643354797846690e-01 4.247941311941617e-03 1.000000000000000e+00 NA -7.496220683596827e-05
524 1 8.944845652110379e-01 -1.096379038333595e-02 1.000000000000000e+00 NA -1.011273440737628e-05
525 1 8.888718326727816e-01 7.520092137340839e-04 1.000000000000000e+00 NA 5.447924276495979e-05
526 1 8.715956983647289e-01 2.831816883062999e-03 1.000000000000000e+00 NA -1.629700486921066e-04
527 1 8.760524319389864e-01 -2.731590561992903e-04 1.000000000000000e+00 NA 1.614992243959886e-05
528 1 8.629657318609661e-01 9.284788914325048e-03 1.000000000000000e+00 NA -3.854092147416808e-06
529 1 8.675618312955160e-01 -3.669952505212848e-03 1.000000000000000e+00 NA 6.514375588279040e-05
530 1 9.060822626824725e-01 -1.428131432856361e-02 1.000000000000000e+00 NA -4.304035991036934e-05
531 1 8.811973895898029e-01 2.671251625081084e-03 1.000000000000000e+00 NA -1.185060474488824e-04
532 1 8.949138260583078e-01 -7.272812648686511e-04 1.000000000000000e+00 NA 2.049435173410902e-06
533 1 8.451089840320174e-01 1.162908624579373e-02 1.000000000000000e+00 NA 5.177223100917709e-06
534 1 8.771851663872445e-01 -6.788565103700961e-03 1.000000000000000e+00 NA -1.315751509790195e-07
535 1 8.452063429807719e-01 1.015077135008724e-02 1.000000000000000e+00 NA 3.284461854043513e-05
536 1 8.693901077693795e-01 -5.311131007708525e-03 1.000000000000000e+00 NA -7.002727810157562e-05
537 1 8.998567762277538e-01 -1.078791467025653e-02 1.000000000000000e+00 NA 2.759797432869690e-06
538 1 8.590900257045386e-01 1.316703419912457e-02 1.000000000000000e+00 NA -1.810440275274310e-05
539 1 8.628693213577585e-01 -5.400156038490422e-03 1.000000000000000e+00 NA -5.905907883661001e-05
540 1 8.563357618293589e-01 3.191490475405345e-03 1.000000000000000e+00 NA -2.153947273922362e-04
## online measuring: Wilson loop
541 1 8.680575418128736e-01 -3.108799200742141e-03 1.000000000000000e+00 NA 1.974537672277548e-05
542 1 8.692303032646352e-01 -1.108570147358989e-03 1.000000000000000e+00 NA 1.472943807132797e-04
543 1 8.702575728481630e-01 -7.654873117424188e-04 1.000000000000000e+00 NA -8.822204629800573e-06
544 1 8.888731104460919e-01 -2.926761774748599e-03 1.000000000000000e+00 NA 1.060476921617425e-04
545 1 8.806936215196419e-01 6.565871179120109e-03 1.000000000000000e+00 NA 5.398582845519720e-05
546 1 8.885391935321805e-01 -4.595752710425671e-03 1.000000000000000e+00 NA 5.385018041898344e-05
547 1 8.474084713171514e-01 1.061753100708174e-02 1.000000000000000e+00 NA 8.038601205213641e-05
548 1 8.251830287638222e-01 5.379395776351714e-03 1.000000000000000e+00 NA 1.026684745052743e-04
549 1 8.333041508589618e-01 3.536059025321947e-05 1.000000000000000e+00 NA -5.404919571975484e-05
550 1 8.558515888987535e-01 -2.183648015410711e-03 1.000000000000000e+00 NA -1.110098186102354e-04
551 1 8.905895417614961e-01 -1.338250057435530e-02 1.000000000000000e+00 NA 4.788256836960221e-06
552 1 9.023975063235312e-01 -2.634209008277821e-03 1.000000000000000e+00 NA -1.142259282699828e-05
553 1 9.134515884540031e-01 -2.765938320708372e-03 1.000000000000000e+00 NA 2.069381052897340e-05
554 1 9.085727034928610e-01 2.522501767090901e-03 1.000000000000000e+00 NA 6.884486822538783e-06
555 1 8.902877947908436e-01 4.393703157596462e-03 1.000000000000000e+00 NA -8.327155628697017e-05
556 1 8.754899384441832e-01 1.005105917929683e-03 1.000000000000000e+00 NA 8.818422170150406e-05
557 1 8.201148365823175e-01 1.670822729740351e-02 1.000000000000000e+00 NA 6.740413698709352e-05
558 1 8.888066731432795e-01 -2.091034518073798e-02 1.000000000000000e+00 NA 6.100754713808596e-05
559 1 8.748908738078436e-01 5.969320408990342e-03 1.000000000000000e+00 NA -4.168221770977045e-05
560 1 8.603818657898694e-01 5.551006883557363e-04 1.000000000000000e+00 NA -9.561653912211468e-05
561 1 8.663250094448315e-01 -5.008390347242653e-03 1.000000000000000e+00 NA 1.327970670414778e-06
562 1 8.831676950400423e-01 -3.540496812522775e-03 1.000000000000000e+00 NA 2.431557944682435e-05
563 1 9.043120257632153e-01 -2.748713493453181e-03 1.000000000000000e+00 NA -2.307572950511875e-06
